<?xml version="1.0" encoding="UTF-8"?>
<!-- Generated by org.testng.reporters.JUnitXMLReporter -->
<testsuite hostname="DESKTOP-RDFSK1D" ignored="0" name="Surefire test" tests="6" failures="0" timestamp="2022-04-24T22:18:11 IST" time="0.089" errors="0">
  <testcase name="Iosapps" time="0.006" classname="qaclickacademy.Mavenjava.AppiumTest"/>
  <testcase name="Nativeapp" time="0.001" classname="qaclickacademy.Mavenjava.AppiumTest"/>
  <testcase name="deleteTwitter" time="0.001" classname="qaclickacademy.Mavenjava.RESTAPITest"/>
  <testcase name="postJira" time="0.0" classname="qaclickacademy.Mavenjava.RESTAPITest"/>
  <testcase name="browserAutomation" time="0.0" classname="qaclickacademy.Mavenjava.SeleniumTest"/>
  <testcase name="webauto" time="0.001" classname="qaclickacademy.Mavenjava.SeleniumTest"/>
</testsuite> <!-- Surefire test -->
