<?xml version="1.0" encoding="UTF-8"?>
<!-- Generated by org.testng.reporters.JUnitXMLReporter -->
<testsuite hostname="DESKTOP-RDFSK1D" ignored="0" name="Test" tests="4" failures="0" timestamp="2022-04-25T00:03:35 IST" time="0.051" errors="0">
  <testcase name="deleteTwitter" time="0.005" classname="qaclickacademy.Mavenjava.RESTAPITest"/>
  <testcase name="postJira" time="0.0" classname="qaclickacademy.Mavenjava.RESTAPITest"/>
  <testcase name="Iosapps" time="0.001" classname="qaclickacademy.Mavenjava.AppiumTest"/>
  <testcase name="Nativeapp" time="0.001" classname="qaclickacademy.Mavenjava.AppiumTest"/>
</testsuite> <!-- Test -->
