<?xml version="1.0" encoding="UTF-8"?>
<testng-results skipped="0" failed="0" ignored="0" total="4" passed="4">
  <reporter-output>
  </reporter-output>
  <suite name="Suite" duration-ms="51" started-at="2022-04-25T00:03:35 IST" finished-at="2022-04-25T00:03:35 IST">
    <groups>
    </groups>
    <test name="Test" duration-ms="51" started-at="2022-04-25T00:03:35 IST" finished-at="2022-04-25T00:03:35 IST">
      <class name="qaclickacademy.Mavenjava.AppiumTest">
        <test-method status="PASS" signature="Iosapps()[pri:0, instance:qaclickacademy.Mavenjava.AppiumTest@687080dc]" name="Iosapps" duration-ms="1" started-at="2022-04-25T00:03:35 IST" finished-at="2022-04-25T00:03:35 IST">
          <reporter-output>
          </reporter-output>
        </test-method> <!-- Iosapps -->
        <test-method status="PASS" signature="Nativeapp()[pri:0, instance:qaclickacademy.Mavenjava.AppiumTest@687080dc]" name="Nativeapp" duration-ms="1" started-at="2022-04-25T00:03:35 IST" finished-at="2022-04-25T00:03:35 IST">
          <reporter-output>
          </reporter-output>
        </test-method> <!-- Nativeapp -->
      </class> <!-- qaclickacademy.Mavenjava.AppiumTest -->
      <class name="qaclickacademy.Mavenjava.RESTAPITest">
        <test-method status="PASS" signature="deleteTwitter()[pri:0, instance:qaclickacademy.Mavenjava.RESTAPITest@436e852b]" name="deleteTwitter" duration-ms="5" started-at="2022-04-25T00:03:35 IST" finished-at="2022-04-25T00:03:35 IST">
          <reporter-output>
          </reporter-output>
        </test-method> <!-- deleteTwitter -->
        <test-method status="PASS" signature="postJira()[pri:0, instance:qaclickacademy.Mavenjava.RESTAPITest@436e852b]" name="postJira" duration-ms="0" started-at="2022-04-25T00:03:35 IST" finished-at="2022-04-25T00:03:35 IST">
          <reporter-output>
          </reporter-output>
        </test-method> <!-- postJira -->
      </class> <!-- qaclickacademy.Mavenjava.RESTAPITest -->
    </test> <!-- Test -->
  </suite> <!-- Suite -->
</testng-results>
